[debug] [2023-08-19T15:14:49.155Z] ----------------------------------------------------------------------
[debug] [2023-08-19T15:14:49.157Z] Command:       C:\Program Files\nodejs\node.exe C:\Users\USUARIO\AppData\Roaming\npm\node_modules\firebase-tools\lib\bin\firebase.js deploy
[debug] [2023-08-19T15:14:49.157Z] CLI Version:   11.25.1
[debug] [2023-08-19T15:14:49.157Z] Platform:      win32
[debug] [2023-08-19T15:14:49.157Z] Node Version:  v16.13.2
[debug] [2023-08-19T15:14:49.158Z] Time:          Sat Aug 19 2023 10:14:49 GMT-0500 (hora estándar de Colombia)
[debug] [2023-08-19T15:14:49.158Z] ----------------------------------------------------------------------
[debug] 
[debug] [2023-08-19T15:14:49.212Z] > command requires scopes: ["email","openid","https://www.googleapis.com/auth/cloudplatformprojects.readonly","https://www.googleapis.com/auth/firebase","https://www.googleapis.com/auth/cloud-platform"]
[debug] [2023-08-19T15:14:49.212Z] > authorizing via signed-in user (camiloflstudio@gmail.com)
[debug] [2023-08-19T15:14:49.213Z] [iam] checking project hostingboutique-b718c for permissions ["firebase.projects.get","firebasehosting.sites.update"]
[debug] [2023-08-19T15:14:49.214Z] >>> [apiv2][query] POST https://cloudresourcemanager.googleapis.com/v1/projects/hostingboutique-b718c:testIamPermissions [none]
[debug] [2023-08-19T15:14:49.215Z] >>> [apiv2][(partial)header] POST https://cloudresourcemanager.googleapis.com/v1/projects/hostingboutique-b718c:testIamPermissions x-goog-quota-user=projects/hostingboutique-b718c
[debug] [2023-08-19T15:14:49.215Z] >>> [apiv2][body] POST https://cloudresourcemanager.googleapis.com/v1/projects/hostingboutique-b718c:testIamPermissions {"permissions":["firebase.projects.get","firebasehosting.sites.update"]}
[debug] [2023-08-19T15:14:59.261Z] [iam] error while checking permissions, command may fail: FirebaseError: Failed to make request to https://cloudresourcemanager.googleapis.com/v1/projects/hostingboutique-b718c:testIamPermissions
[debug] [2023-08-19T15:14:59.263Z] >>> [apiv2][query] GET https://firebase.googleapis.com/v1beta1/projects/hostingboutique-b718c [none]
[debug] [2023-08-19T15:14:59.634Z] <<< [apiv2][status] GET https://firebase.googleapis.com/v1beta1/projects/hostingboutique-b718c 200
[debug] [2023-08-19T15:14:59.634Z] <<< [apiv2][body] GET https://firebase.googleapis.com/v1beta1/projects/hostingboutique-b718c {"projectId":"hostingboutique-b718c","projectNumber":"577396393790","displayName":"HostingBoutique","name":"projects/hostingboutique-b718c","resources":{"hostingSite":"hostingboutique-b718c"},"state":"ACTIVE","etag":"1_ec1fc279-e34c-4b50-88f0-a54f57887b19"}
[info] 
[info] === Deploying to 'hostingboutique-b718c'...
[info] 
[info] i  deploying hosting 
[debug] [2023-08-19T15:14:59.639Z] >>> [apiv2][query] POST https://firebasehosting.googleapis.com/v1beta1/projects/-/sites/hostingboutique-b718c/versions [none]
[debug] [2023-08-19T15:14:59.639Z] >>> [apiv2][body] POST https://firebasehosting.googleapis.com/v1beta1/projects/-/sites/hostingboutique-b718c/versions {"status":"CREATED","labels":{"deployment-tool":"cli-firebase"}}
[debug] [2023-08-19T15:15:00.708Z] <<< [apiv2][status] POST https://firebasehosting.googleapis.com/v1beta1/projects/-/sites/hostingboutique-b718c/versions 200
[debug] [2023-08-19T15:15:00.708Z] <<< [apiv2][body] POST https://firebasehosting.googleapis.com/v1beta1/projects/-/sites/hostingboutique-b718c/versions {"name":"projects/577396393790/sites/hostingboutique-b718c/versions/51feac6678729105","status":"CREATED","config":{},"labels":{"deployment-tool":"cli-firebase"}}
[info] i  hosting[hostingboutique-b718c]: beginning deploy... 
[info] i  hosting[hostingboutique-b718c]: found 56 files in dist/dani-boutique 
[debug] [2023-08-19T15:15:09.694Z] [hosting] uploading with 200 concurrency
[debug] [2023-08-19T15:15:09.781Z] [hosting] hash cache [ZGlzdFxkYW5pLWJvdXRpcXVl] stored for 56 files
[debug] [2023-08-19T15:15:09.781Z] [hosting][hash queue][FINAL] {"max":72,"min":0,"avg":3.6110556460641914,"active":0,"complete":56,"success":56,"errored":0,"retried":0,"total":56,"elapsed":74}
[debug] [2023-08-19T15:15:09.781Z] >>> [apiv2][query] POST https://firebasehosting.googleapis.com/v1beta1/projects/577396393790/sites/hostingboutique-b718c/versions/51feac6678729105:populateFiles [none]
[debug] [2023-08-19T15:15:09.781Z] >>> [apiv2][body] POST https://firebasehosting.googleapis.com/v1beta1/projects/577396393790/sites/hostingboutique-b718c/versions/51feac6678729105:populateFiles {"files":{"/favicon.ico":"2c19690e9587bae12f419b34d2edeecc76808099540a9c9f4ea6194116cfc8f7","/assets/facebook-removebg-preview.png":"fc67adb3aac55fc256fd5f766cbefb8ce883e9458100e63f8dc92ca599b14231","/assets/instagram-removebg-preview.png":"2ac56704d74063d17edcfd172f0840b3563c5d449fa33f61bb6b7cf0f73d1d5a","/assets/logo.png":"5dede1ae64e27d1ae3f3a3ad87d49cc6d557d01f178300b722c8a4bcbd2cab9d","/assets/LogoDani1.png":"9c69d40c8ec5faa4feb56eb785403293c4edd17c0d46beb3617bc1bb8136f19f","/assets/LogoDani2.png":"37d230883ff91871e90e2f5512e732cff56da3f72981fa39bce7591d129c062b","/assets/LogoDani3.png":"2451141b78ef86b8e8b2936d60c9bfe4183cc910f9f74ef81e1b4025ef98492d","/assets/LogoDani4.png":"8d87e78bc61aff24ece593527c9f3b7fba3b768314cd3cdb61079d5324edfd4d","/assets/LogoDani5.png":"703cf76f74d0cee912a19333a5333ca70097283b776fd1d05119f343b68e1bda","/assets/LogoDani6.png":"c97e77c23530ad084dd301fbb3335f8ccc08524e8f1363e4e386961f40a132b9","/assets/wpp-removebg-preview.png":"1b32b4819379191fcc23e9bc9699f3aa373d2d2aac5d064536a32cad484f3d00","/assets/bolsos/referencia1(1).png":"b0ca8d08242d85040d93db2036c264ffda34a74a62bcfcc06a7ec91d212d76a0","/assets/bolsos/referencia1(10).png":"e5b7fb8a31b573bde901b83639177e3058f760f1784271736f13465a4f8f60b3","/assets/bolsos/referencia1(11).png":"8de85e81f9ea12c60f57a5ea483220f97bcfbbc81406c1e5efc04e95f7cdcc11","/assets/bolsos/referencia1(12).png":"50efc27fbead463e57aa972dcee9fe95c52fcc0c903e0bb38f027ebb078a2a6c","/assets/bolsos/referencia1(13).png":"712eae0200b1034bdb049605692b52019f73cea43a21158a58460e92ebe0ed3f","/assets/bolsos/referencia1(14).png":"aac13ae29bb1d44fde7cc11e7c1e890d25036b3628d33d92526240ce903b8bb7","/assets/bolsos/referencia1(15).png":"b1f32e21c718e194e0c903dbf0fbb289cb908757ad8a4e9a7d406c9d6ab971f1","/assets/bolsos/referencia1(16).png":"c7fc99bff746f6c1e1b337dee3ad05e514d701191a2a8d7eed1b51cd0e9a992f","/assets/bolsos/referencia1(17).png":"c516ad07f4dcd3131ba93eb26976ff87c4e3139d6d719ab7b7d8c642b1b9de66","/assets/bolsos/referencia1(2).png":"96b8f52ad5993ec69ca2b4a7599cdedeafef745d7a93d7460c49f24b9a1848ab","/assets/bolsos/referencia1(3).png":"8c231ea30965c8d20805b1c8c56a7196c21a67f1df10164bf18d02bf7b3011ed","/assets/bolsos/referencia1(4).png":"42b4766e7032da34c66a37afb3e5575c495d997aee29dbaa72204480cff29456","/assets/bolsos/referencia1(5).png":"a64303667c176d08ffdfdfa843d9491499c01aa24d6c727beeda784c19d90f4d","/assets/bolsos/referencia1(6).png":"e3564bafb4a23d75973cd328f71b4c2b4ff4d897e3073827a2dff62d3fb07156","/assets/bolsos/referencia1(7).png":"7cf2f8452425250072236f0c51f16cd789e44ea5e7b5bc47aacc4cec29754473","/assets/bolsos/referencia1(8).png":"86d953ce0a40932bfc6ed7255bac80513f55f2c0f8fccb9e54b690fd59064e72","/assets/bolsos/referencia1(9).png":"c28a3d529ef0f054ccf7293280d8157b901fc43329d770997d7e8617577743de","/assets/bolsos/referencia1A(1).png":"3a584fa72daa744a3b8a5f10a2dde5d86435bde5b6505882f2387ae4892ca28a","/assets/bolsos/referencia1A(2).png":"cd36f73a9611789a702e2623605d8f69ab69b52d0145957d9a333350fe03390a","/assets/bolsos/referencia1A(3).png":"cb397bb207b0a01a924e6bfa9da226278078da0225373229cc1b0cfd1df8ed3f","/assets/bolsos/referencia1A(4).png":"c0954f1906ff9ef8a3622bc8d31cca759c2c5a881a42d544c58629491790620f","/assets/bolsos/referencia1A(5).png":"e5bd3fe828b016875bb40fb15e5d1c72e680741b30a39e5682363cf0dce699b2","/assets/bolsos/referencia1A(6).png":"49741c3814f4c026a07b7bb34a36601b3ad39267adfccabe5e7efb6aded74e59","/assets/bolsos/referencia1A(7).png":"043deb60e32befd56df6470e231bc576b081a485b12f3f494571af29ddf55864","/assets/bolsos/referencia1B(1).png":"7e0bebd868522c43297f9adb0e74f1d25e42ac2ef2e893c8641a3e53211a7489","/assets/bolsos/referencia1B(2).png":"81f3e124306f721cb80587b20c23dc8d0605a942311de60932cdbfc07be61fae","/assets/bolsos/referencia1B(3).png":"7ce7ca62b940e5be404c179625ac9aa8fcf920fc18e9cd059edf2389ea9797d9","/assets/bolsos/referencia1B(4).png":"2fe942ab7216bae4941466e5b67180cd5e276a77d3f67fd2d4949bda0f266664","/assets/bolsos/referencia2(1).png":"e8277ff06236f357ac1b018bbcfd4a1b1cc851b4cb852a4b84216dd823c6ec84","/assets/bolsos/referencia2(2).png":"7e9379c4087a7e7ab2f92eb8dcd64a7c7a233565b5f95abb2d0a264a6f90caa3","/assets/bolsos/referencia2(3).png":"200d8c98cf571e9942e13fd8e0ac104c62ae36297bf6a9b6ee2092f1989ec882","/assets/bolsos/referencia2(4).png":"01d2b711f341cfc49f75e256dcd38415581b8740fc2e3f86a130c04676d554cc","/assets/bolsos/referencia2A(1).png":"b0237c52ed2321522e64dc03edea0274c1941f8e17c587dcee2afdc25ceb8e1a","/assets/bolsos/referencia2A(2).png":"5dd742c63244bc2ac151b61fb46c9a9c29948e5bdfaf496c259aa26d8ea28081","/assets/bolsos/referencia2A(3).png":"f9a0d69e9b9ec7446cd07f2aa574ed1a06e456955b242e8c13f27756997d8e06","/assets/bolsos/referencia2A(4).png":"4855f573d5b223f09509c192dd35489a1518e7d8d12da05dc1341d4e1993bced","/assets/bolsos/referencia2B(1).png":"f18f5ff854c8ec153821d3ff9ac95980780cc3855e9a872e4d94c240068d5aa2","/assets/bolsos/referencia2B(2).png":"008ff3c093d8ee91e5d34be0290ced25b4e63ddf6907de122a65e6059bbd1df1","/assets/bolsos/referencia2B(3).png":"170d4c2c6fe171a3e803d0fe81b80641d4edc53a7e5a202fca86a35c759758af","/3rdpartylicenses.txt":"2b7fdcb8c6562acdd5c7be883dd48f6a7cc7d53aa93388d56539693ba09f6b25","/runtime.3ce1eab0e6fa03ec.js":"0131877d0fd99ef02fc562ca52269fe8f6cb272464aaf493f19fc715e3aa78a3","/styles.e62d68314632febf.css":"19ec5bb4293ba06339bdd78e5a9c40d59ace70043538d75b2b191fecba029d70","/index.html":"e13c15c23b43bb80de3ddc74a4391b8f5a05b609fd4d4266dcf2274df238af7f","/polyfills.b2e1d8b105fd208c.js":"55446abff739e64e43977731d2ce328d44931ab0bcd8955d96649be1f4132a9a","/main.35b403b8accde285.js":"32ffc9074c231c0ec7fea7347abcf9b59bd188473ec22506d3eb599ab8083f3d"}}
[debug] [2023-08-19T15:15:10.563Z] <<< [apiv2][status] POST https://firebasehosting.googleapis.com/v1beta1/projects/577396393790/sites/hostingboutique-b718c/versions/51feac6678729105:populateFiles 200
[debug] [2023-08-19T15:15:10.563Z] <<< [apiv2][body] POST https://firebasehosting.googleapis.com/v1beta1/projects/577396393790/sites/hostingboutique-b718c/versions/51feac6678729105:populateFiles {"uploadRequiredHashes":["e13c15c23b43bb80de3ddc74a4391b8f5a05b609fd4d4266dcf2274df238af7f","32ffc9074c231c0ec7fea7347abcf9b59bd188473ec22506d3eb599ab8083f3d"],"uploadUrl":"https://upload-firebasehosting.googleapis.com/upload/sites/hostingboutique-b718c/versions/51feac6678729105/files"}
[debug] [2023-08-19T15:15:10.564Z] >>> [apiv2][query] POST https://upload-firebasehosting.googleapis.com/upload/sites/hostingboutique-b718c/versions/51feac6678729105/files/e13c15c23b43bb80de3ddc74a4391b8f5a05b609fd4d4266dcf2274df238af7f [none]
[debug] [2023-08-19T15:15:10.564Z] >>> [apiv2][body] POST https://upload-firebasehosting.googleapis.com/upload/sites/hostingboutique-b718c/versions/51feac6678729105/files/e13c15c23b43bb80de3ddc74a4391b8f5a05b609fd4d4266dcf2274df238af7f [stream]
[debug] [2023-08-19T15:15:10.565Z] >>> [apiv2][query] POST https://upload-firebasehosting.googleapis.com/upload/sites/hostingboutique-b718c/versions/51feac6678729105/files/32ffc9074c231c0ec7fea7347abcf9b59bd188473ec22506d3eb599ab8083f3d [none]
[debug] [2023-08-19T15:15:10.565Z] >>> [apiv2][body] POST https://upload-firebasehosting.googleapis.com/upload/sites/hostingboutique-b718c/versions/51feac6678729105/files/32ffc9074c231c0ec7fea7347abcf9b59bd188473ec22506d3eb599ab8083f3d [stream]
[debug] [2023-08-19T15:15:10.566Z] [hosting][populate queue][FINAL] {"max":784,"min":784,"avg":784,"active":0,"complete":1,"success":1,"errored":0,"retried":0,"total":1,"elapsed":786}
[debug] [2023-08-19T15:15:10.566Z] [hosting] uploads queued: 2
[debug] [2023-08-19T15:15:11.658Z] <<< [apiv2][status] POST https://upload-firebasehosting.googleapis.com/upload/sites/hostingboutique-b718c/versions/51feac6678729105/files/32ffc9074c231c0ec7fea7347abcf9b59bd188473ec22506d3eb599ab8083f3d 200
[debug] [2023-08-19T15:15:11.659Z] <<< [apiv2][body] POST https://upload-firebasehosting.googleapis.com/upload/sites/hostingboutique-b718c/versions/51feac6678729105/files/32ffc9074c231c0ec7fea7347abcf9b59bd188473ec22506d3eb599ab8083f3d [stream]
[debug] [2023-08-19T15:15:21.090Z] [uploadQueue] Retrying task e13c15c23b43bb80de3ddc74a4391b8f5a05b609fd4d4266dcf2274df238af7f
[debug] [2023-08-19T15:15:21.091Z] >>> [apiv2][query] POST https://upload-firebasehosting.googleapis.com/upload/sites/hostingboutique-b718c/versions/51feac6678729105/files/e13c15c23b43bb80de3ddc74a4391b8f5a05b609fd4d4266dcf2274df238af7f [none]
[debug] [2023-08-19T15:15:21.091Z] >>> [apiv2][body] POST https://upload-firebasehosting.googleapis.com/upload/sites/hostingboutique-b718c/versions/51feac6678729105/files/e13c15c23b43bb80de3ddc74a4391b8f5a05b609fd4d4266dcf2274df238af7f [stream]
[debug] [2023-08-19T15:15:21.864Z] <<< [apiv2][status] POST https://upload-firebasehosting.googleapis.com/upload/sites/hostingboutique-b718c/versions/51feac6678729105/files/e13c15c23b43bb80de3ddc74a4391b8f5a05b609fd4d4266dcf2274df238af7f 200
[debug] [2023-08-19T15:15:21.864Z] <<< [apiv2][body] POST https://upload-firebasehosting.googleapis.com/upload/sites/hostingboutique-b718c/versions/51feac6678729105/files/e13c15c23b43bb80de3ddc74a4391b8f5a05b609fd4d4266dcf2274df238af7f [stream]
[debug] [2023-08-19T15:15:21.864Z] [hosting][upload queue][FINAL] {"max":1095,"min":774,"avg":934.5,"active":0,"complete":2,"success":2,"errored":0,"retried":1,"total":2,"elapsed":11300}
[info] +  hosting[hostingboutique-b718c]: file upload complete 
[debug] [2023-08-19T15:15:21.865Z] [hosting] deploy completed after 12185ms
[debug] [2023-08-19T15:15:21.866Z] [
  {
    "config": {
      "public": "dist/dani-boutique",
      "ignore": [
        "firebase.json",
        "**/.*",
        "**/node_modules/**"
      ],
      "rewrites": [
        {
          "source": "**",
          "destination": "/index.html"
        }
      ],
      "site": "hostingboutique-b718c"
    },
    "version": "projects/577396393790/sites/hostingboutique-b718c/versions/51feac6678729105"
  }
]
[info] i  hosting[hostingboutique-b718c]: finalizing version... 
[debug] [2023-08-19T15:15:21.868Z] >>> [apiv2][query] PATCH https://firebasehosting.googleapis.com/v1beta1/projects/-/sites/hostingboutique-b718c/versions/51feac6678729105 updateMask=status%2Cconfig
[debug] [2023-08-19T15:15:21.868Z] >>> [apiv2][body] PATCH https://firebasehosting.googleapis.com/v1beta1/projects/-/sites/hostingboutique-b718c/versions/51feac6678729105 {"status":"FINALIZED","config":{"rewrites":[{"glob":"**","path":"/index.html"}]}}
[debug] [2023-08-19T15:15:22.626Z] <<< [apiv2][status] PATCH https://firebasehosting.googleapis.com/v1beta1/projects/-/sites/hostingboutique-b718c/versions/51feac6678729105 200
[debug] [2023-08-19T15:15:22.626Z] <<< [apiv2][body] PATCH https://firebasehosting.googleapis.com/v1beta1/projects/-/sites/hostingboutique-b718c/versions/51feac6678729105 {"name":"projects/577396393790/sites/hostingboutique-b718c/versions/51feac6678729105","status":"FINALIZED","config":{"rewrites":[{"glob":"**","path":"/index.html"}]},"labels":{"deployment-tool":"cli-firebase"},"createTime":"2023-08-19T15:14:58.100704Z","createUser":{"email":"camiloflstudio@gmail.com"},"finalizeTime":"2023-08-19T15:15:20.347764Z","finalizeUser":{"email":"camiloflstudio@gmail.com"}}
[debug] [2023-08-19T15:15:22.626Z] [hosting] finalized version for hostingboutique-b718c:[object Object]
[info] +  hosting[hostingboutique-b718c]: version finalized 
[info] i  hosting[hostingboutique-b718c]: releasing new version... 
[debug] [2023-08-19T15:15:22.628Z] >>> [apiv2][query] POST https://firebasehosting.googleapis.com/v1beta1/projects/-/sites/hostingboutique-b718c/channels/live/releases versionName=projects%2F577396393790%2Fsites%2Fhostingboutique-b718c%2Fversions%2F51feac6678729105
[debug] [2023-08-19T15:15:22.628Z] >>> [apiv2][body] POST https://firebasehosting.googleapis.com/v1beta1/projects/-/sites/hostingboutique-b718c/channels/live/releases {}
[debug] [2023-08-19T15:15:23.444Z] <<< [apiv2][status] POST https://firebasehosting.googleapis.com/v1beta1/projects/-/sites/hostingboutique-b718c/channels/live/releases 200
[debug] [2023-08-19T15:15:23.444Z] <<< [apiv2][body] POST https://firebasehosting.googleapis.com/v1beta1/projects/-/sites/hostingboutique-b718c/channels/live/releases {"name":"projects/577396393790/sites/hostingboutique-b718c/channels/live/releases/1692458120578000","version":{"name":"projects/577396393790/sites/hostingboutique-b718c/versions/51feac6678729105","status":"FINALIZED","config":{"rewrites":[{"glob":"**","path":"/index.html"}]},"labels":{"deployment-tool":"cli-firebase"},"createTime":"2023-08-19T15:14:58.100704Z","createUser":{"email":"camiloflstudio@gmail.com","imageUrl":"https://lh3.googleusercontent.com/a/AAcHTtdHtxFzDvpW3p3EhvkBji3SwK5FVQXuRHkfkndVub-ERQM"},"finalizeTime":"2023-08-19T15:15:20.347764Z","finalizeUser":{"email":"camiloflstudio@gmail.com","imageUrl":"https://lh3.googleusercontent.com/a/AAcHTtdHtxFzDvpW3p3EhvkBji3SwK5FVQXuRHkfkndVub-ERQM"}},"type":"DEPLOY","releaseTime":"2023-08-19T15:15:20.578Z","releaseUser":{"email":"camiloflstudio@gmail.com","imageUrl":"https://lh3.googleusercontent.com/a/AAcHTtdHtxFzDvpW3p3EhvkBji3SwK5FVQXuRHkfkndVub-ERQM"}}
[debug] [2023-08-19T15:15:23.444Z] [hosting] release: {"name":"projects/577396393790/sites/hostingboutique-b718c/channels/live/releases/1692458120578000","version":{"name":"projects/577396393790/sites/hostingboutique-b718c/versions/51feac6678729105","status":"FINALIZED","config":{"rewrites":[{"glob":"**","path":"/index.html"}]},"labels":{"deployment-tool":"cli-firebase"},"createTime":"2023-08-19T15:14:58.100704Z","createUser":{"email":"camiloflstudio@gmail.com","imageUrl":"https://lh3.googleusercontent.com/a/AAcHTtdHtxFzDvpW3p3EhvkBji3SwK5FVQXuRHkfkndVub-ERQM"},"finalizeTime":"2023-08-19T15:15:20.347764Z","finalizeUser":{"email":"camiloflstudio@gmail.com","imageUrl":"https://lh3.googleusercontent.com/a/AAcHTtdHtxFzDvpW3p3EhvkBji3SwK5FVQXuRHkfkndVub-ERQM"}},"type":"DEPLOY","releaseTime":"2023-08-19T15:15:20.578Z","releaseUser":{"email":"camiloflstudio@gmail.com","imageUrl":"https://lh3.googleusercontent.com/a/AAcHTtdHtxFzDvpW3p3EhvkBji3SwK5FVQXuRHkfkndVub-ERQM"}}
[info] +  hosting[hostingboutique-b718c]: release complete 
[info] 
[info] +  Deploy complete! 
[info] 
[info] Project Console: https://console.firebase.google.com/project/hostingboutique-b718c/overview
[info] Hosting URL: https://hostingboutique-b718c.web.app
[debug] [2023-08-19T15:15:28.830Z] Error: Timed out.
    at Timeout._onTimeout (C:\Users\USUARIO\AppData\Roaming\npm\node_modules\firebase-tools\lib\utils.js:253:49)
    at listOnTimeout (node:internal/timers:557:17)
    at processTimers (node:internal/timers:500:7)
[error] 
[error] Error: An unexpected error has occurred.
